<?xml version="1.0" encoding="UTF-8"?>
<testsuite name="tests.VisualTest" tests="3" skipped="0" failures="0" errors="0" timestamp="2025-11-06T06:34:56" hostname="Rustams-MacBook-Pro.local" time="52.885">
  <properties/>
  <testcase name="Визуальное сравнение demoqa.com (chromium)" classname="tests.VisualTest" time="15.579"/>
  <testcase name="Визуальное сравнение demoqa.com (firefox)" classname="tests.VisualTest" time="24.033"/>
  <testcase name="Визуальное сравнение demoqa.com (webkit)" classname="tests.VisualTest" time="12.44"/>
  <system-out><![CDATA[Запущен браузер: chromium
✅ [chromium] Различия между expected и actual: 0.00% (порог 1.00%)
 Diff: /Users/rustam/Desktop/javaProject/demoqa-framework/build/screenshots/diff/demoqa_diff_chromium.png
Запущен браузер: firefox
✅ [firefox] Различия между expected и actual: 0.00% (порог 1.00%)
 Diff: /Users/rustam/Desktop/javaProject/demoqa-framework/build/screenshots/diff/demoqa_diff_firefox.png
Запущен браузер: webkit
✅ [webkit] Различия между expected и actual: 0.00% (порог 1.00%)
 Diff: /Users/rustam/Desktop/javaProject/demoqa-framework/build/screenshots/diff/demoqa_diff_webkit.png
]]></system-out>
  <system-err><![CDATA[]]></system-err>
</testsuite>
