<?xml version="1.0" encoding="UTF-8"?>
<testsuite name="tests.PracticeFormTest" tests="1" skipped="0" failures="1" errors="0" timestamp="2025-11-02T09:39:03" hostname="Rustams-MacBook-Pro.local" time="18.205">
  <properties/>
  <testcase name="UI — заполнение Practice Form и сравнение скриншота" classname="tests.PracticeFormTest" time="18.205">
    <failure message="org.opentest4j.AssertionFailedError: Найдены различия: 39.366982637291315% ==&gt; expected: &lt;true&gt; but was: &lt;false&gt;" type="org.opentest4j.AssertionFailedError">org.opentest4j.AssertionFailedError: Найдены различия: 39.366982637291315% ==&gt; expected: &lt;true&gt; but was: &lt;false&gt;
	at app//org.junit.jupiter.api.AssertionFailureBuilder.build(AssertionFailureBuilder.java:151)
	at app//org.junit.jupiter.api.AssertionFailureBuilder.buildAndThrow(AssertionFailureBuilder.java:132)
	at app//org.junit.jupiter.api.AssertTrue.failNotTrue(AssertTrue.java:63)
	at app//org.junit.jupiter.api.AssertTrue.assertTrue(AssertTrue.java:36)
	at app//org.junit.jupiter.api.Assertions.assertTrue(Assertions.java:214)
	at app//tests.PracticeFormTest.fillPracticeFormAndCompareScreenshot(PracticeFormTest.java:74)
	at java.base@21.0.8/java.lang.reflect.Method.invoke(Method.java:580)
	at java.base@21.0.8/java.util.ArrayList.forEach(ArrayList.java:1596)
	at java.base@21.0.8/java.util.ArrayList.forEach(ArrayList.java:1596)
</failure>
  </testcase>
  <system-out><![CDATA[]]></system-out>
  <system-err><![CDATA[]]></system-err>
</testsuite>
