<?xml version="1.0" encoding="UTF-8"?>
<testsuite name="tests.VisualTest" tests="1" skipped="0" failures="1" errors="0" timestamp="2025-11-02T09:39:22" hostname="Rustams-MacBook-Pro.local" time="5.475">
  <properties/>
  <testcase name="testVisualComparison()" classname="tests.VisualTest" time="5.475">
    <failure message="java.lang.AssertionError: Найдены различия: 1.685131555316092%" type="java.lang.AssertionError">java.lang.AssertionError: Найдены различия: 1.685131555316092%
	at tests.VisualTest.testVisualComparison(VisualTest.java:60)
	at java.base/java.lang.reflect.Method.invoke(Method.java:580)
	at java.base/java.util.ArrayList.forEach(ArrayList.java:1596)
	at java.base/java.util.ArrayList.forEach(ArrayList.java:1596)
</failure>
  </testcase>
  <system-out><![CDATA[]]></system-out>
  <system-err><![CDATA[]]></system-err>
</testsuite>
